<?xml version="1.0" encoding="UTF-8"?>
<testsuite xmlns:xsi="http://www.w3.org/2001/XMLSchema-instance" xsi:noNamespaceSchemaLocation="https://maven.apache.org/surefire/maven-failsafe-plugin/xsd/failsafe-test-report-3.0.xsd" version="3.0" name="com.namir.aatariak.keycloak.provider.api.user.AatariakUserProviderIT" time="83.024" tests="4" errors="0" skipped="0" failures="0">
  <properties>
[...]
</properties>
  <testcase name="testAccessingUsersAsAdmin" classname="com.namir.aatariak.keycloak.provider.api.user.AatariakUserProviderIT" time="1.709">
    <system-out><![CDATA[0    [main] INFO  org.testcontainers.utility.ImageNameSubstitutor  - Image name substitution will be performed by: DefaultImageNameSubstitutor (composite of 'ConfigurationFileImageNameSubstitutor' and 'PrefixingImageNameSubstitutor')
238  [main] INFO  org.testcontainers.dockerclient.DockerClientProviderStrategy  - Loaded org.testcontainers.dockerclient.UnixSocketClientProviderStrategy from ~/.testcontainers.properties, will try it first
543  [main] INFO  org.testcontainers.dockerclient.DockerClientProviderStrategy  - Found Docker environment with local Unix socket (unix:///var/run/docker.sock)
544  [main] INFO  org.testcontainers.DockerClientFactory  - Docker host IP address is localhost
560  [main] INFO  org.testcontainers.DockerClientFactory  - Connected to docker: 
  Server Version: 24.0.5
  API Version: 1.43
  Operating System: Ubuntu 20.04.6 LTS
  Total Memory: 15866 MB
765  [main] INFO  tc.testcontainers/ryuk:0.5.1  - Creating container for image: testcontainers/ryuk:0.5.1
918  [main] INFO  tc.testcontainers/ryuk:0.5.1  - Container testcontainers/ryuk:0.5.1 is starting: 647dea86c691d204b9014ade0cae4ff8fa23aacad217cac1c9d5786927f4ef39
1396 [main] INFO  tc.testcontainers/ryuk:0.5.1  - Container testcontainers/ryuk:0.5.1 started in PT0.829499S
1401 [main] INFO  org.testcontainers.utility.RyukResourceReaper  - Ryuk started - will monitor and terminate Testcontainers containers on JVM exit
1402 [main] INFO  org.testcontainers.DockerClientFactory  - Checking the system...
1402 [main] INFO  org.testcontainers.DockerClientFactory  - ✔︎ Docker server version should be at least 1.6.0
1407 [testcontainers-lifecycle-0] INFO  tc.postgres:11.1  - Creating container for image: postgres:11.1
1547 [testcontainers-lifecycle-0] INFO  tc.postgres:11.1  - Container postgres:11.1 is starting: 920947c511aae8ef431762ece36909898a0d0334a9275b16f582eb398e319137
3267 [testcontainers-lifecycle-0] INFO  tc.postgres:11.1  - Container postgres:11.1 started in PT1.86092S
3268 [testcontainers-lifecycle-1] INFO  tc.023231733398.dkr.ecr.eu-north-1.amazonaws.com/aatariak-migrations:master  - Creating container for image: 023231733398.dkr.ecr.eu-north-1.amazonaws.com/aatariak-migrations:master
3345 [testcontainers-lifecycle-1] INFO  tc.023231733398.dkr.ecr.eu-north-1.amazonaws.com/aatariak-migrations:master  - Container 023231733398.dkr.ecr.eu-north-1.amazonaws.com/aatariak-migrations:master is starting: 24dc194b3299baa71286eda7be21b2e0903d7927cdd8c0c5b375931ec46be798
4745 [docker-java-stream--1905950435] INFO  com.namir.aatariak.keycloak.provider.api.user.AatariakUserProviderIT  - STDOUT: Flyway Community Edition 9.21.1 by Redgate
4745 [docker-java-stream--1905950435] INFO  com.namir.aatariak.keycloak.provider.api.user.AatariakUserProviderIT  - STDOUT: See release notes here: https://rd.gt/416ObMi
4745 [docker-java-stream--1905950435] INFO  com.namir.aatariak.keycloak.provider.api.user.AatariakUserProviderIT  - STDOUT: 
4758 [docker-java-stream--1905950435] INFO  com.namir.aatariak.keycloak.provider.api.user.AatariakUserProviderIT  - STDOUT: Database: jdbc:postgresql://my-db:5432/integration-tests-db (PostgreSQL 11.1)
4782 [docker-java-stream--1905950435] INFO  com.namir.aatariak.keycloak.provider.api.user.AatariakUserProviderIT  - STDOUT: Schema history table "public"."flyway_schema_history" does not exist yet
4785 [docker-java-stream--1905950435] INFO  com.namir.aatariak.keycloak.provider.api.user.AatariakUserProviderIT  - STDOUT: Successfully validated 2 migrations (execution time 00:00.013s)
4796 [docker-java-stream--1905950435] INFO  com.namir.aatariak.keycloak.provider.api.user.AatariakUserProviderIT  - STDOUT: Creating Schema History table "public"."flyway_schema_history" ...
4822 [docker-java-stream--1905950435] INFO  com.namir.aatariak.keycloak.provider.api.user.AatariakUserProviderIT  - STDOUT: Current version of schema "public": << Empty Schema >>
4829 [docker-java-stream--1905950435] INFO  com.namir.aatariak.keycloak.provider.api.user.AatariakUserProviderIT  - STDOUT: Migrating schema "public" to version "1 - Create users table"
4854 [docker-java-stream--1905950435] INFO  com.namir.aatariak.keycloak.provider.api.user.AatariakUserProviderIT  - STDOUT: Migrating schema "public" to version "2 - Create roles table"
4863 [docker-java-stream--1905950435] INFO  com.namir.aatariak.keycloak.provider.api.user.AatariakUserProviderIT  - STDOUT: Successfully applied 2 migrations to schema "public", now at version v2 (execution time 00:00.017s)
4923 [docker-java-stream--1905950435] INFO  com.namir.aatariak.keycloak.provider.api.user.AatariakUserProviderIT  - STDOUT: A Flyway report has been generated here: /flyway/report.html
4924 [testcontainers-lifecycle-1] INFO  tc.023231733398.dkr.ecr.eu-north-1.amazonaws.com/aatariak-migrations:master  - Container 023231733398.dkr.ecr.eu-north-1.amazonaws.com/aatariak-migrations:master started in PT1.655981S
4925 [main] INFO  tc.023231733398.dkr.ecr.eu-north-1.amazonaws.com/aatariak-rest:main  - Creating container for image: 023231733398.dkr.ecr.eu-north-1.amazonaws.com/aatariak-rest:main
4974 [main] INFO  tc.023231733398.dkr.ecr.eu-north-1.amazonaws.com/aatariak-rest:main  - Container 023231733398.dkr.ecr.eu-north-1.amazonaws.com/aatariak-rest:main is starting: d77fc9d4e634c644cad5e370104fb38756b0f474d82c8476e54ff41f8da76218
6242 [docker-java-stream-767930687] INFO  com.namir.aatariak.keycloak.provider.api.user.AatariakUserProviderIT  - STDOUT: 
6243 [docker-java-stream-767930687] INFO  com.namir.aatariak.keycloak.provider.api.user.AatariakUserProviderIT  - STDOUT:   .   ____          _            __ _ _
6243 [docker-java-stream-767930687] INFO  com.namir.aatariak.keycloak.provider.api.user.AatariakUserProviderIT  - STDOUT:  /\\ / ___'_ __ _ _(_)_ __  __ _ \ \ \ \
6243 [docker-java-stream-767930687] INFO  com.namir.aatariak.keycloak.provider.api.user.AatariakUserProviderIT  - STDOUT: ( ( )\___ | '_ | '_| | '_ \/ _` | \ \ \ \
6244 [docker-java-stream-767930687] INFO  com.namir.aatariak.keycloak.provider.api.user.AatariakUserProviderIT  - STDOUT:  \\/  ___)| |_)| | | | | || (_| |  ) ) ) )
6244 [docker-java-stream-767930687] INFO  com.namir.aatariak.keycloak.provider.api.user.AatariakUserProviderIT  - STDOUT:   '  |____| .__|_| |_|_| |_\__, | / / / /
6244 [docker-java-stream-767930687] INFO  com.namir.aatariak.keycloak.provider.api.user.AatariakUserProviderIT  - STDOUT:  =========|_|==============|___/=/_/_/_/
6244 [docker-java-stream-767930687] INFO  com.namir.aatariak.keycloak.provider.api.user.AatariakUserProviderIT  - STDOUT:  :: Spring Boot ::                (v3.1.0)
6244 [docker-java-stream-767930687] INFO  com.namir.aatariak.keycloak.provider.api.user.AatariakUserProviderIT  - STDOUT: 
6336 [docker-java-stream-767930687] INFO  com.namir.aatariak.keycloak.provider.api.user.AatariakUserProviderIT  - STDOUT: 2023-08-03T13:56:30.310Z  INFO 1 --- [           main] c.n.a.rest.AatariakRestApiApplication    : Starting AatariakRestApiApplication v0.0.1-SNAPSHOT using Java 17.0.8 with PID 1 (/app/aatariak-rest-0.0.1-SNAPSHOT.jar started by root in /app)
6337 [docker-java-stream-767930687] INFO  com.namir.aatariak.keycloak.provider.api.user.AatariakUserProviderIT  - STDOUT: 2023-08-03T13:56:30.313Z  INFO 1 --- [           main] c.n.a.rest.AatariakRestApiApplication    : The following 1 profile is active: "dev"
7808 [docker-java-stream-767930687] INFO  com.namir.aatariak.keycloak.provider.api.user.AatariakUserProviderIT  - STDOUT: 2023-08-03T13:56:31.784Z  INFO 1 --- [           main] o.s.b.w.embedded.tomcat.TomcatWebServer  : Tomcat initialized with port(s): 8888 (http)
7819 [docker-java-stream-767930687] INFO  com.namir.aatariak.keycloak.provider.api.user.AatariakUserProviderIT  - STDOUT: 2023-08-03T13:56:31.796Z  INFO 1 --- [           main] o.apache.catalina.core.StandardService   : Starting service [Tomcat]
7819 [docker-java-stream-767930687] INFO  com.namir.aatariak.keycloak.provider.api.user.AatariakUserProviderIT  - STDOUT: 2023-08-03T13:56:31.796Z  INFO 1 --- [           main] o.apache.catalina.core.StandardEngine    : Starting Servlet engine: [Apache Tomcat/10.1.8]
7907 [docker-java-stream-767930687] INFO  com.namir.aatariak.keycloak.provider.api.user.AatariakUserProviderIT  - STDOUT: 2023-08-03T13:56:31.884Z  INFO 1 --- [           main] o.a.c.c.C.[Tomcat].[localhost].[/]       : Initializing Spring embedded WebApplicationContext
7909 [docker-java-stream-767930687] INFO  com.namir.aatariak.keycloak.provider.api.user.AatariakUserProviderIT  - STDOUT: 2023-08-03T13:56:31.886Z  INFO 1 --- [           main] w.s.c.ServletWebServerApplicationContext : Root WebApplicationContext: initialization completed in 1505 ms
8178 [docker-java-stream-767930687] INFO  com.namir.aatariak.keycloak.provider.api.user.AatariakUserProviderIT  - STDOUT: New root user was created with username 'namirabboud@gmail.com' and password 'faridmousayouhebalcousa'
8651 [docker-java-stream-767930687] INFO  com.namir.aatariak.keycloak.provider.api.user.AatariakUserProviderIT  - STDOUT: 2023-08-03T13:56:32.627Z  INFO 1 --- [           main] o.s.s.web.DefaultSecurityFilterChain     : Will secure Or [Mvc [pattern='/api/v2/**']] with [org.springframework.security.web.context.request.async.WebAsyncManagerIntegrationFilter@2c4ca0f9, org.springframework.security.web.context.SecurityContextHolderFilter@2a76b80a, org.springframework.security.web.header.HeaderWriterFilter@44a2b17b, org.springframework.web.filter.CorsFilter@366c4480, org.springframework.security.web.authentication.logout.LogoutFilter@5db99216, org.springframework.security.web.servletapi.SecurityContextHolderAwareRequestFilter@2f4854d6, com.namir.aatariak.sec.web.ApiKeyAuthenticationFilter@67ef029, org.springframework.security.web.authentication.AnonymousAuthenticationFilter@7df587ef, org.springframework.security.web.access.ExceptionTranslationFilter@7cc586a8]
8692 [docker-java-stream-767930687] INFO  com.namir.aatariak.keycloak.provider.api.user.AatariakUserProviderIT  - STDOUT: 2023-08-03T13:56:32.668Z  INFO 1 --- [           main] o.s.s.web.DefaultSecurityFilterChain     : Will secure any request with [org.springframework.security.web.session.DisableEncodeUrlFilter@aa22f1c, org.springframework.security.web.context.request.async.WebAsyncManagerIntegrationFilter@55e7a35c, org.springframework.security.web.context.SecurityContextHolderFilter@6815c5f2, org.springframework.security.web.header.HeaderWriterFilter@5f7f2382, org.springframework.security.web.csrf.CsrfFilter@2e185cd7, org.springframework.security.web.authentication.logout.LogoutFilter@3a4b0e5d, org.springframework.security.oauth2.server.resource.web.authentication.BearerTokenAuthenticationFilter@1b9ea3e3, org.springframework.security.web.savedrequest.RequestCacheAwareFilter@60094a13, org.springframework.security.web.servletapi.SecurityContextHolderAwareRequestFilter@5aceec94, org.springframework.security.web.authentication.AnonymousAuthenticationFilter@37cd92d6, org.springframework.security.web.access.ExceptionTranslationFilter@7e1a1da6, org.springframework.security.web.access.intercept.AuthorizationFilter@46ab18da]
8891 [docker-java-stream-767930687] INFO  com.namir.aatariak.keycloak.provider.api.user.AatariakUserProviderIT  - STDOUT: 2023-08-03T13:56:32.868Z  INFO 1 --- [           main] o.s.b.w.embedded.tomcat.TomcatWebServer  : Tomcat started on port(s): 8888 (http) with context path ''
8903 [docker-java-stream-767930687] INFO  com.namir.aatariak.keycloak.provider.api.user.AatariakUserProviderIT  - STDOUT: 2023-08-03T13:56:32.879Z  INFO 1 --- [           main] c.n.a.rest.AatariakRestApiApplication    : Started AatariakRestApiApplication in 3.096 seconds (process running for 3.56)
55239 [main] INFO  tc.023231733398.dkr.ecr.eu-north-1.amazonaws.com/aatariak-rest:main  - Container 023231733398.dkr.ecr.eu-north-1.amazonaws.com/aatariak-rest:main started in PT50.31531S
55290 [main] INFO  tc.quay.io/keycloak/keycloak:21.0  - Creating container for image: quay.io/keycloak/keycloak:21.0
55370 [main] INFO  tc.quay.io/keycloak/keycloak:21.0  - Container quay.io/keycloak/keycloak:21.0 is starting: 0554891581b2bd3feedea03f957a0d076c59b670798db82f06bbd81c57c9d65d
55731 [main] INFO  org.testcontainers.containers.wait.strategy.HttpWaitStrategy  - /compassionate_kowalevski: Waiting for 120 seconds for URL: http://localhost:32992/ (where port 32992 maps to container port 8080)
56235 [docker-java-stream--732551135] INFO  tc.quay.io/keycloak/keycloak:21.0  - STDOUT: Updating the configuration and installing your custom providers, if any. Please wait.
66403 [docker-java-stream--732551135] INFO  tc.quay.io/keycloak/keycloak:21.0  - STDOUT: 2023-08-03 13:57:30,379 INFO  [io.quarkus.deployment.QuarkusAugmentor] (main) Quarkus augmentation completed in 9086ms
69353 [docker-java-stream--732551135] INFO  tc.quay.io/keycloak/keycloak:21.0  - STDOUT: 2023-08-03 13:57:31,983 INFO  [org.keycloak.quarkus.runtime.hostname.DefaultHostnameProvider] (main) Hostname settings: Base URL: <unset>, Hostname: <request>, Strict HTTPS: false, Path: <request>, Strict BackChannel: false, Admin URL: <unset>, Admin: <request>, Port: -1, Proxied: false
69380 [docker-java-stream--732551135] INFO  tc.quay.io/keycloak/keycloak:21.0  - STDOUT: 2023-08-03 13:57:33,291 WARN  [io.quarkus.agroal.runtime.DataSources] (main) Datasource <default> enables XA but transaction recovery is not enabled. Please enable transaction recovery by setting quarkus.transaction-manager.enable-recovery=true, otherwise data may be lost if the application is terminated abruptly
69955 [docker-java-stream--732551135] INFO  tc.quay.io/keycloak/keycloak:21.0  - STDOUT: 2023-08-03 13:57:33,931 INFO  [org.infinispan.SERVER] (keycloak-cache-init) ISPN005054: Native IOUring transport not available, using NIO instead: io.netty.incubator.channel.uring.IOUring
70077 [docker-java-stream--732551135] INFO  tc.quay.io/keycloak/keycloak:21.0  - STDOUT: 2023-08-03 13:57:34,054 WARN  [org.infinispan.CONFIG] (keycloak-cache-init) ISPN000569: Unable to persist Infinispan internal caches as no global state enabled
70102 [docker-java-stream--732551135] INFO  tc.quay.io/keycloak/keycloak:21.0  - STDOUT: 2023-08-03 13:57:34,078 WARN  [org.infinispan.PERSISTENCE] (keycloak-cache-init) ISPN000554: jboss-marshalling is deprecated and planned for removal
70132 [docker-java-stream--732551135] INFO  tc.quay.io/keycloak/keycloak:21.0  - STDOUT: 2023-08-03 13:57:34,108 INFO  [org.infinispan.CONTAINER] (keycloak-cache-init) ISPN000556: Starting user marshaller 'org.infinispan.jboss.marshalling.core.JBossUserMarshaller'
71844 [docker-java-stream--732551135] INFO  tc.quay.io/keycloak/keycloak:21.0  - STDOUT: 2023-08-03 13:57:35,820 INFO  [org.keycloak.quarkus.runtime.storage.legacy.liquibase.QuarkusJpaUpdaterProvider] (main) Initializing database schema. Using changelog META-INF/jpa-changelog-master.xml
73691 [docker-java-stream--732551135] INFO  tc.quay.io/keycloak/keycloak:21.0  - STDOUT: 2023-08-03 13:57:37,667 INFO  [org.keycloak.connections.infinispan.DefaultInfinispanConnectionProviderFactory] (main) Node name: node_989166, Site name: null
73805 [docker-java-stream--732551135] INFO  tc.quay.io/keycloak/keycloak:21.0  - STDOUT: 2023-08-03 13:57:37,781 INFO  [org.keycloak.broker.provider.AbstractIdentityProviderMapper] (main) Registering class org.keycloak.broker.provider.mappersync.ConfigSyncEventListener
73857 [docker-java-stream--732551135] INFO  tc.quay.io/keycloak/keycloak:21.0  - STDOUT: 2023-08-03 13:57:37,834 INFO  [org.keycloak.services] (main) KC-SERVICES0050: Initializing master realm
75498 [docker-java-stream--732551135] INFO  tc.quay.io/keycloak/keycloak:21.0  - STDOUT: 2023-08-03 13:57:39,474 INFO  [org.keycloak.exportimport.dir.DirImportProvider] (main) Importing from directory /opt/keycloak/bin/../data/import
77142 [docker-java-stream--732551135] INFO  tc.quay.io/keycloak/keycloak:21.0  - STDOUT: 2023-08-03 13:57:41,119 INFO  [org.keycloak.exportimport.util.ImportUtils] (main) Realm 'aatariak' imported
77328 [docker-java-stream--732551135] INFO  tc.quay.io/keycloak/keycloak:21.0  - STDOUT: 2023-08-03 13:57:41,304 INFO  [io.quarkus] (main) Keycloak 21.0.2 on JVM (powered by Quarkus 2.13.7.Final) started in 10.763s. Listening on: http://0.0.0.0:8080
77328 [docker-java-stream--732551135] INFO  tc.quay.io/keycloak/keycloak:21.0  - STDOUT: 2023-08-03 13:57:41,304 INFO  [io.quarkus] (main) Profile dev activated. 
77328 [docker-java-stream--732551135] INFO  tc.quay.io/keycloak/keycloak:21.0  - STDOUT: 2023-08-03 13:57:41,304 INFO  [io.quarkus] (main) Installed features: [agroal, cdi, hibernate-orm, jdbc-h2, jdbc-mariadb, jdbc-mssql, jdbc-mysql, jdbc-oracle, jdbc-postgresql, keycloak, logging-gelf, micrometer, narayana-jta, reactive-routes, resteasy, resteasy-jackson, smallrye-context-propagation, smallrye-health, vertx]
77513 [docker-java-stream--732551135] INFO  tc.quay.io/keycloak/keycloak:21.0  - STDOUT: 2023-08-03 13:57:41,490 INFO  [org.keycloak.services] (main) KC-SERVICES0009: Added user 'admin' to realm 'master'
77515 [docker-java-stream--732551135] INFO  tc.quay.io/keycloak/keycloak:21.0  - STDOUT: 2023-08-03 13:57:41,492 WARN  [org.keycloak.quarkus.runtime.KeycloakMain] (main) Running the server in development mode. DO NOT use this configuration in production.
78017 [main] INFO  tc.quay.io/keycloak/keycloak:21.0  - Container quay.io/keycloak/keycloak:21.0 started in PT22.726697S
79236 [docker-java-stream--732551135] INFO  tc.quay.io/keycloak/keycloak:21.0  - STDOUT: 2023-08-03 13:57:43,213 WARN  [org.keycloak.connections.httpclient.DefaultHttpClientFactory] (executor-thread-0) TruststoreProvider is disabled
79366 [docker-java-stream--732551135] INFO  tc.quay.io/keycloak/keycloak:21.0  - STDOUT: 2023-08-03 13:57:43,342 INFO  [com.namir.aatariak.keycloak.provider.api.user.AatariakUserProvider] (executor-thread-0) searchForUserStream, params={keycloak.session.realm.users.query.include_service_account=true, username=namir}, first=0, max=100
79444 [docker-java-stream-767930687] INFO  com.namir.aatariak.keycloak.provider.api.user.AatariakUserProviderIT  - STDOUT: 2023-08-03T13:57:43.420Z  INFO 1 --- [nio-8888-exec-1] o.a.c.c.C.[Tomcat].[localhost].[/]       : Initializing Spring DispatcherServlet 'dispatcherServlet'
79444 [docker-java-stream-767930687] INFO  com.namir.aatariak.keycloak.provider.api.user.AatariakUserProviderIT  - STDOUT: 2023-08-03T13:57:43.420Z  INFO 1 --- [nio-8888-exec-1] o.s.web.servlet.DispatcherServlet        : Initializing Servlet 'dispatcherServlet'
79445 [docker-java-stream-767930687] INFO  com.namir.aatariak.keycloak.provider.api.user.AatariakUserProviderIT  - STDOUT: 2023-08-03T13:57:43.422Z  INFO 1 --- [nio-8888-exec-1] o.s.web.servlet.DispatcherServlet        : Completed initialization in 2 ms
79586 [docker-java-stream--732551135] INFO  tc.quay.io/keycloak/keycloak:21.0  - STDOUT: 2023-08-03 13:57:43,562 INFO  [com.namir.aatariak.keycloak.provider.api.user.AatariakUserProvider] (executor-thread-0) Received 1 users from provider
79593 [docker-java-stream--732551135] INFO  tc.quay.io/keycloak/keycloak:21.0  - STDOUT: 2023-08-03 13:57:43,570 INFO  [com.namir.aatariak.keycloak.provider.api.user.AatariakUserProvider] (executor-thread-0) getUserById: actually getting by email namirabboud@gmail.com
79704 [docker-java-stream--732551135] INFO  tc.quay.io/keycloak/keycloak:21.0  - STDOUT: 2023-08-03 13:57:43,681 INFO  [com.namir.aatariak.keycloak.provider.api.user.AatariakUserProvider] (executor-thread-0) getUserById: actually getting by email namirabboud@gmail.com
79721 [docker-java-stream--732551135] INFO  tc.quay.io/keycloak/keycloak:21.0  - STDOUT: 2023-08-03 13:57:43,698 INFO  [com.namir.aatariak.keycloak.provider.api.user.AatariakUserProvider] (executor-thread-0) getUserById: actually getting by email namirabboud@gmail.com
79721 [docker-java-stream--732551135] INFO  tc.quay.io/keycloak/keycloak:21.0  - STDOUT: 2023-08-03 13:57:43,698 INFO  [com.namir.aatariak.keycloak.provider.api.user.AatariakUserProvider] (executor-thread-0) Found user data for namirabboud@gmail.com in loadedUsers.
79721 [docker-java-stream--732551135] INFO  tc.quay.io/keycloak/keycloak:21.0  - STDOUT: 2023-08-03 13:57:43,698 INFO  [com.namir.aatariak.keycloak.provider.api.user.AatariakUserProvider] (executor-thread-0) getUserById: actually getting by email namirabboud@gmail.com
79721 [docker-java-stream--732551135] INFO  tc.quay.io/keycloak/keycloak:21.0  - STDOUT: 2023-08-03 13:57:43,698 INFO  [com.namir.aatariak.keycloak.provider.api.user.AatariakUserProvider] (executor-thread-0) Found user data for namirabboud@gmail.com in loadedUsers.
]]></system-out>
  </testcase>
  <testcase name="testLoginAsUserAndCheckAccessToken(String)[1]" classname="com.namir.aatariak.keycloak.provider.api.user.AatariakUserProviderIT" time="1.753">
    <system-out><![CDATA[79920 [Finalizer] WARN  org.jboss.resteasy.client.jaxrs.i18n  - RESTEASY004687: Closing a class org.jboss.resteasy.client.jaxrs.engines.ApacheHttpClient43Engine instance for you. Please close clients yourself.
81162 [docker-java-stream--732551135] INFO  tc.quay.io/keycloak/keycloak:21.0  - STDOUT: 2023-08-03 13:57:45,138 INFO  [com.namir.aatariak.keycloak.provider.api.user.AatariakUserProvider] (executor-thread-0) getUserByUsername: namirabboud@gmail.com
81455 [docker-java-stream--732551135] INFO  tc.quay.io/keycloak/keycloak:21.0  - STDOUT: 2023-08-03 13:57:45,432 INFO  [com.namir.aatariak.keycloak.provider.api.user.AatariakUserProvider] (executor-thread-0) getUserById: actually getting by email namirabboud@gmail.com
81456 [docker-java-stream--732551135] INFO  tc.quay.io/keycloak/keycloak:21.0  - STDOUT: 2023-08-03 13:57:45,432 INFO  [com.namir.aatariak.keycloak.provider.api.user.AatariakUserProvider] (executor-thread-0) Found user data for namirabboud@gmail.com in loadedUsers.
81456 [docker-java-stream--732551135] INFO  tc.quay.io/keycloak/keycloak:21.0  - STDOUT: 2023-08-03 13:57:45,433 INFO  [com.namir.aatariak.keycloak.provider.api.user.AatariakUserProvider] (executor-thread-0) getUserById: actually getting by email namirabboud@gmail.com
81456 [docker-java-stream--732551135] INFO  tc.quay.io/keycloak/keycloak:21.0  - STDOUT: 2023-08-03 13:57:45,433 INFO  [com.namir.aatariak.keycloak.provider.api.user.AatariakUserProvider] (executor-thread-0) Found user data for namirabboud@gmail.com in loadedUsers.
81460 [docker-java-stream--732551135] INFO  tc.quay.io/keycloak/keycloak:21.0  - STDOUT: 2023-08-03 13:57:45,437 INFO  [com.namir.aatariak.keycloak.provider.api.user.AatariakUserProvider] (executor-thread-0) getUserById: actually getting by email namirabboud@gmail.com
81461 [docker-java-stream--732551135] INFO  tc.quay.io/keycloak/keycloak:21.0  - STDOUT: 2023-08-03 13:57:45,437 INFO  [com.namir.aatariak.keycloak.provider.api.user.AatariakUserProvider] (executor-thread-0) Found user data for namirabboud@gmail.com in loadedUsers.
81463 [docker-java-stream--732551135] INFO  tc.quay.io/keycloak/keycloak:21.0  - STDOUT: 2023-08-03 13:57:45,440 INFO  [com.namir.aatariak.keycloak.provider.api.user.AatariakUserProvider] (executor-thread-0) getUserById: actually getting by email namirabboud@gmail.com
81463 [docker-java-stream--732551135] INFO  tc.quay.io/keycloak/keycloak:21.0  - STDOUT: 2023-08-03 13:57:45,440 INFO  [com.namir.aatariak.keycloak.provider.api.user.AatariakUserProvider] (executor-thread-0) Found user data for namirabboud@gmail.com in loadedUsers.
81464 [docker-java-stream--732551135] INFO  tc.quay.io/keycloak/keycloak:21.0  - STDOUT: 2023-08-03 13:57:45,441 INFO  [com.namir.aatariak.keycloak.provider.api.user.AatariakUserProvider] (executor-thread-0) getUserById: actually getting by email namirabboud@gmail.com
81464 [docker-java-stream--732551135] INFO  tc.quay.io/keycloak/keycloak:21.0  - STDOUT: 2023-08-03 13:57:45,441 INFO  [com.namir.aatariak.keycloak.provider.api.user.AatariakUserProvider] (executor-thread-0) Found user data for namirabboud@gmail.com in loadedUsers.
81464 [docker-java-stream--732551135] INFO  tc.quay.io/keycloak/keycloak:21.0  - STDOUT: 2023-08-03 13:57:45,441 INFO  [com.namir.aatariak.keycloak.provider.api.user.AatariakUserProvider] (executor-thread-0) getUserById: actually getting by email namirabboud@gmail.com
81464 [docker-java-stream--732551135] INFO  tc.quay.io/keycloak/keycloak:21.0  - STDOUT: 2023-08-03 13:57:45,441 INFO  [com.namir.aatariak.keycloak.provider.api.user.AatariakUserProvider] (executor-thread-0) Found user data for namirabboud@gmail.com in loadedUsers.
81464 [docker-java-stream--732551135] INFO  tc.quay.io/keycloak/keycloak:21.0  - STDOUT: 2023-08-03 13:57:45,441 INFO  [com.namir.aatariak.keycloak.provider.api.user.AatariakUserProvider] (executor-thread-0) getUserById: actually getting by email namirabboud@gmail.com
81465 [docker-java-stream--732551135] INFO  tc.quay.io/keycloak/keycloak:21.0  - STDOUT: 2023-08-03 13:57:45,441 INFO  [com.namir.aatariak.keycloak.provider.api.user.AatariakUserProvider] (executor-thread-0) Found user data for namirabboud@gmail.com in loadedUsers.
81465 [docker-java-stream--732551135] INFO  tc.quay.io/keycloak/keycloak:21.0  - STDOUT: 2023-08-03 13:57:45,442 INFO  [com.namir.aatariak.keycloak.provider.api.user.AatariakUserProvider] (executor-thread-0) getUserById: actually getting by email namirabboud@gmail.com
81465 [docker-java-stream--732551135] INFO  tc.quay.io/keycloak/keycloak:21.0  - STDOUT: 2023-08-03 13:57:45,442 INFO  [com.namir.aatariak.keycloak.provider.api.user.AatariakUserProvider] (executor-thread-0) Found user data for namirabboud@gmail.com in loadedUsers.
81465 [docker-java-stream--732551135] INFO  tc.quay.io/keycloak/keycloak:21.0  - STDOUT: 2023-08-03 13:57:45,442 INFO  [com.namir.aatariak.keycloak.provider.api.user.AatariakUserProvider] (executor-thread-0) getUserById: actually getting by email namirabboud@gmail.com
81465 [docker-java-stream--732551135] INFO  tc.quay.io/keycloak/keycloak:21.0  - STDOUT: 2023-08-03 13:57:45,442 INFO  [com.namir.aatariak.keycloak.provider.api.user.AatariakUserProvider] (executor-thread-0) Found user data for namirabboud@gmail.com in loadedUsers.
81465 [docker-java-stream--732551135] INFO  tc.quay.io/keycloak/keycloak:21.0  - STDOUT: 2023-08-03 13:57:45,442 INFO  [com.namir.aatariak.keycloak.provider.api.user.AatariakUserProvider] (executor-thread-0) getUserById: actually getting by email namirabboud@gmail.com
81465 [docker-java-stream--732551135] INFO  tc.quay.io/keycloak/keycloak:21.0  - STDOUT: 2023-08-03 13:57:45,442 INFO  [com.namir.aatariak.keycloak.provider.api.user.AatariakUserProvider] (executor-thread-0) Found user data for namirabboud@gmail.com in loadedUsers.
81466 [docker-java-stream--732551135] INFO  tc.quay.io/keycloak/keycloak:21.0  - STDOUT: 2023-08-03 13:57:45,442 INFO  [com.namir.aatariak.keycloak.provider.api.user.AatariakUserProvider] (executor-thread-0) getUserById: actually getting by email namirabboud@gmail.com
81466 [docker-java-stream--732551135] INFO  tc.quay.io/keycloak/keycloak:21.0  - STDOUT: 2023-08-03 13:57:45,442 INFO  [com.namir.aatariak.keycloak.provider.api.user.AatariakUserProvider] (executor-thread-0) Found user data for namirabboud@gmail.com in loadedUsers.
81466 [docker-java-stream--732551135] INFO  tc.quay.io/keycloak/keycloak:21.0  - STDOUT: 2023-08-03 13:57:45,443 INFO  [com.namir.aatariak.keycloak.provider.api.user.AatariakUserProvider] (executor-thread-0) getUserById: actually getting by email namirabboud@gmail.com
81466 [docker-java-stream--732551135] INFO  tc.quay.io/keycloak/keycloak:21.0  - STDOUT: 2023-08-03 13:57:45,443 INFO  [com.namir.aatariak.keycloak.provider.api.user.AatariakUserProvider] (executor-thread-0) Found user data for namirabboud@gmail.com in loadedUsers.
81466 [docker-java-stream--732551135] INFO  tc.quay.io/keycloak/keycloak:21.0  - STDOUT: 2023-08-03 13:57:45,443 INFO  [com.namir.aatariak.keycloak.provider.api.user.AatariakUserProvider] (executor-thread-0) getUserById: actually getting by email namirabboud@gmail.com
81466 [docker-java-stream--732551135] INFO  tc.quay.io/keycloak/keycloak:21.0  - STDOUT: 2023-08-03 13:57:45,443 INFO  [com.namir.aatariak.keycloak.provider.api.user.AatariakUserProvider] (executor-thread-0) Found user data for namirabboud@gmail.com in loadedUsers.
81467 [docker-java-stream--732551135] INFO  tc.quay.io/keycloak/keycloak:21.0  - STDOUT: 2023-08-03 13:57:45,443 INFO  [com.namir.aatariak.keycloak.provider.api.user.AatariakUserProvider] (executor-thread-0) getUserById: actually getting by email namirabboud@gmail.com
81467 [docker-java-stream--732551135] INFO  tc.quay.io/keycloak/keycloak:21.0  - STDOUT: 2023-08-03 13:57:45,443 INFO  [com.namir.aatariak.keycloak.provider.api.user.AatariakUserProvider] (executor-thread-0) Found user data for namirabboud@gmail.com in loadedUsers.
81467 [docker-java-stream--732551135] INFO  tc.quay.io/keycloak/keycloak:21.0  - STDOUT: 2023-08-03 13:57:45,444 INFO  [com.namir.aatariak.keycloak.provider.api.user.AatariakUserProvider] (executor-thread-0) getUserById: actually getting by email namirabboud@gmail.com
81467 [docker-java-stream--732551135] INFO  tc.quay.io/keycloak/keycloak:21.0  - STDOUT: 2023-08-03 13:57:45,444 INFO  [com.namir.aatariak.keycloak.provider.api.user.AatariakUserProvider] (executor-thread-0) Found user data for namirabboud@gmail.com in loadedUsers.
81467 [docker-java-stream--732551135] INFO  tc.quay.io/keycloak/keycloak:21.0  - STDOUT: 2023-08-03 13:57:45,444 INFO  [com.namir.aatariak.keycloak.provider.api.user.AatariakUserProvider] (executor-thread-0) getUserById: actually getting by email namirabboud@gmail.com
81467 [docker-java-stream--732551135] INFO  tc.quay.io/keycloak/keycloak:21.0  - STDOUT: 2023-08-03 13:57:45,444 INFO  [com.namir.aatariak.keycloak.provider.api.user.AatariakUserProvider] (executor-thread-0) Found user data for namirabboud@gmail.com in loadedUsers.
81467 [docker-java-stream--732551135] INFO  tc.quay.io/keycloak/keycloak:21.0  - STDOUT: 2023-08-03 13:57:45,444 INFO  [com.namir.aatariak.keycloak.provider.api.user.AatariakUserProvider] (executor-thread-0) getUserById: actually getting by email namirabboud@gmail.com
81468 [docker-java-stream--732551135] INFO  tc.quay.io/keycloak/keycloak:21.0  - STDOUT: 2023-08-03 13:57:45,444 INFO  [com.namir.aatariak.keycloak.provider.api.user.AatariakUserProvider] (executor-thread-0) Found user data for namirabboud@gmail.com in loadedUsers.
81468 [docker-java-stream--732551135] INFO  tc.quay.io/keycloak/keycloak:21.0  - STDOUT: 2023-08-03 13:57:45,445 INFO  [com.namir.aatariak.keycloak.provider.api.user.AatariakUserProvider] (executor-thread-0) getUserById: actually getting by email namirabboud@gmail.com
81468 [docker-java-stream--732551135] INFO  tc.quay.io/keycloak/keycloak:21.0  - STDOUT: 2023-08-03 13:57:45,445 INFO  [com.namir.aatariak.keycloak.provider.api.user.AatariakUserProvider] (executor-thread-0) Found user data for namirabboud@gmail.com in loadedUsers.
81468 [docker-java-stream--732551135] INFO  tc.quay.io/keycloak/keycloak:21.0  - STDOUT: 2023-08-03 13:57:45,445 INFO  [com.namir.aatariak.keycloak.provider.api.user.AatariakUserProvider] (executor-thread-0) getUserById: actually getting by email namirabboud@gmail.com
81468 [docker-java-stream--732551135] INFO  tc.quay.io/keycloak/keycloak:21.0  - STDOUT: 2023-08-03 13:57:45,445 INFO  [com.namir.aatariak.keycloak.provider.api.user.AatariakUserProvider] (executor-thread-0) Found user data for namirabboud@gmail.com in loadedUsers.
81482 [docker-java-stream--732551135] INFO  tc.quay.io/keycloak/keycloak:21.0  - STDOUT: 2023-08-03 13:57:45,459 INFO  [com.namir.aatariak.keycloak.provider.api.user.AatariakUserProvider] (executor-thread-0) getUserById: actually getting by email namirabboud@gmail.com
81482 [docker-java-stream--732551135] INFO  tc.quay.io/keycloak/keycloak:21.0  - STDOUT: 2023-08-03 13:57:45,459 INFO  [com.namir.aatariak.keycloak.provider.api.user.AatariakUserProvider] (executor-thread-0) Found user data for namirabboud@gmail.com in loadedUsers.
]]></system-out>
  </testcase>
  <testcase name="testRealms(String)[1]" classname="com.namir.aatariak.keycloak.provider.api.user.AatariakUserProviderIT" time="0.22"/>
  <testcase name="testRealms(String)[2]" classname="com.namir.aatariak.keycloak.provider.api.user.AatariakUserProviderIT" time="0.091"/>
</testsuite>